Build started 9/11/2018 8:52:45 PM.
     1>Project "A:\OneDrive\Mines\CSCI261\Nim\nim-game\unbeatableNim\unbeatableNim.vcxproj" on node 2 (Build target(s)).
     1>InitializeBuildStatus:
         Creating "Debug\unbeatableNim.tlog\unsuccessfulbuild" because "AlwaysCreate" was specified.
       ClCompile:
         All outputs are up-to-date.
         C:\Program Files (x86)\Microsoft Visual Studio\2017\Community\VC\Tools\MSVC\14.14.26428\bin\HostX86\x86\CL.exe /c /ZI /nologo /W3 /WX- /diagnostics:classic /sdl /Od /Oy- /D WIN32 /D _DEBUG /D _CONSOLE /D _UNICODE /D UNICODE /Gm- /EHsc /RTC1 /MDd /GS /fp:precise /permissive- /Zc:wchar_t /Zc:forScope /Zc:inline /Yu"stdafx.h" /Fp"Debug\unbeatableNim.pch" /Fo"Debug\\" /Fd"Debug\vc141.pdb" /Gd /TP /analyze- /FC /errorReport:prompt unbeatableNim.cpp
         unbeatableNim.cpp
       Link:
         C:\Program Files (x86)\Microsoft Visual Studio\2017\Community\VC\Tools\MSVC\14.14.26428\bin\HostX86\x86\link.exe /ERRORREPORT:PROMPT /OUT:"A:\OneDrive\Mines\CSCI261\Nim\nim-game\unbeatableNim\Debug\unbeatableNim.exe" /INCREMENTAL /NOLOGO kernel32.lib user32.lib gdi32.lib winspool.lib comdlg32.lib advapi32.lib shell32.lib ole32.lib oleaut32.lib uuid.lib odbc32.lib odbccp32.lib /MANIFEST /MANIFESTUAC:"level='asInvoker' uiAccess='false'" /manifest:embed /DEBUG:FASTLINK /PDB:"A:\OneDrive\Mines\CSCI261\Nim\nim-game\unbeatableNim\Debug\unbeatableNim.pdb" /SUBSYSTEM:CONSOLE /TLBID:1 /DYNAMICBASE /NXCOMPAT /IMPLIB:"A:\OneDrive\Mines\CSCI261\Nim\nim-game\unbeatableNim\Debug\unbeatableNim.lib" /MACHINE:X86 Debug\stdafx.obj
         Debug\unbeatableNim.obj
         unbeatableNim.vcxproj -> A:\OneDrive\Mines\CSCI261\Nim\nim-game\unbeatableNim\Debug\unbeatableNim.exe
       FinalizeBuildStatus:
         Deleting file "Debug\unbeatableNim.tlog\unsuccessfulbuild".
         Touching "Debug\unbeatableNim.tlog\unbeatableNim.lastbuildstate".
     1>Done Building Project "A:\OneDrive\Mines\CSCI261\Nim\nim-game\unbeatableNim\unbeatableNim.vcxproj" (Build target(s)).

Build succeeded.
    0 Warning(s)
    0 Error(s)

Time Elapsed 00:00:00.99
